2026-07-08 22:59:18 | INFO     | trading_bot.orders | Submitting order: {'symbol': 'BTCUSDT', 'side': 'BUY', 'type': 'MARKET', 'quantity': 2.0}
2026-07-08 22:59:18 | INFO     | trading_bot.client | REQUEST  POST https://testnet.binancefuture.com/fapi/v1/order | params={'symbol': 'BTCUSDT', 'side': 'BUY', 'type': 'MARKET', 'quantity': 2.0, 'timestamp': 1783531758123, 'recvWindow': 5000, 'signature': '***REDACTED***'}
2026-07-08 22:59:18 | INFO     | trading_bot.client | RESPONSE (dry-run, no network call made) | {'orderId': 6705280, 'symbol': 'BTCUSDT', 'status': 'FILLED', 'clientOrderId': 'dryrun_6705280', 'price': '0', 'avgPrice': '65036.51', 'origQty': '2.0', 'executedQty': '2.0', 'side': 'BUY', 'type': 'MARKET', 'timeInForce': 'GTC'}
2026-07-08 22:59:18 | INFO     | trading_bot.orders | Order accepted: orderId=6705280 status=FILLED executedQty=2.0
2026-07-08 23:00:36 | INFO     | trading_bot.orders | Submitting order: {'symbol': 'BTCUSDT', 'side': 'SELL', 'type': 'LIMIT', 'quantity': 4.0, 'price': 4.0, 'timeInForce': 'GTC'}
2026-07-08 23:00:36 | INFO     | trading_bot.client | REQUEST  POST https://testnet.binancefuture.com/fapi/v1/order | params={'symbol': 'BTCUSDT', 'side': 'SELL', 'type': 'LIMIT', 'quantity': 4.0, 'price': 4.0, 'timeInForce': 'GTC', 'timestamp': 1783531836580, 'recvWindow': 5000, 'signature': '***REDACTED***'}
2026-07-08 23:00:37 | ERROR    | trading_bot.client | API ERROR  POST https://testnet.binancefuture.com/fapi/v1/order | status=400 body={'code': -4013, 'msg': 'Price less than min price.'}
2026-07-08 23:00:37 | ERROR    | trading_bot.orders | Order submission failed: Binance API error -4013: Price less than min price.
2026-07-08 23:02:02 | INFO     | trading_bot.orders | Submitting order: {'symbol': 'BTCUSDT', 'side': 'BUY', 'type': 'STOP', 'quantity': 2.0, 'price': 5.0, 'timeInForce': 'IOC', 'stopPrice': 3.0}
2026-07-08 23:02:02 | INFO     | trading_bot.client | REQUEST  POST https://testnet.binancefuture.com/fapi/v1/order | params={'symbol': 'BTCUSDT', 'side': 'BUY', 'type': 'STOP', 'quantity': 2.0, 'price': 5.0, 'timeInForce': 'IOC', 'stopPrice': 3.0, 'timestamp': 1783531922975, 'recvWindow': 5000, 'signature': '***REDACTED***'}
2026-07-08 23:02:03 | ERROR    | trading_bot.client | API ERROR  POST https://testnet.binancefuture.com/fapi/v1/order | status=400 body={'code': -4120, 'msg': 'Order type not supported for this endpoint. Please use the Algo Order API endpoints instead.'}
2026-07-08 23:02:03 | ERROR    | trading_bot.orders | Order submission failed: Binance API error -4120: Order type not supported for this endpoint. Please use the Algo Order API endpoints instead.
2026-07-08 23:09:59 | INFO     | trading_bot.orders | Submitting order: {'symbol': 'BTCUSDT', 'side': 'BUY', 'type': 'LIMIT', 'quantity': 0.001, 'price': 62279.9, 'timeInForce': 'GTC'}
2026-07-08 23:09:59 | INFO     | trading_bot.client | REQUEST  POST https://testnet.binancefuture.com/fapi/v1/order | params={'symbol': 'BTCUSDT', 'side': 'BUY', 'type': 'LIMIT', 'quantity': 0.001, 'price': 62279.9, 'timeInForce': 'GTC', 'timestamp': 1783532399140, 'recvWindow': 5000, 'signature': '***REDACTED***'}
2026-07-08 23:09:59 | INFO     | trading_bot.client | RESPONSE  POST https://testnet.binancefuture.com/fapi/v1/order | status=200 body={'orderId': 20166776147, 'symbol': 'BTCUSDT', 'status': 'NEW', 'clientOrderId': 'l39jrAeumltfqLz08zea4s', 'price': '62279.90', 'origQty': '0.0010', 'executedQty': '0.0000', 'cumQty': '0.0000', 'timeInForce': 'GTC', 'type': 'LIMIT', 'reduceOnly': False, 'closePosition': False, 'side': 'BUY', 'positionSide': 'BOTH', 'stopPrice': '0.00', 'workingType': 'CONTRACT_PRICE', 'priceProtect': False, 'origType': 'LIMIT', 'priceMatch': 'NONE', 'selfTradePreventionMode': 'EXPIRE_MAKER', 'goodTillDate': 0, 'updateTime': 1783532402676}
2026-07-08 23:09:59 | INFO     | trading_bot.orders | Order accepted: orderId=20166776147 status=NEW executedQty=0.0000
2026-07-08 23:21:39 | INFO     | trading_bot.orders | Submitting order: {'symbol': 'BTCUSDT', 'side': 'SELL', 'type': 'MARKET', 'quantity': 0.01}
2026-07-08 23:21:39 | INFO     | trading_bot.client | REQUEST  POST https://testnet.binancefuture.com/fapi/v1/order | params={'symbol': 'BTCUSDT', 'side': 'SELL', 'type': 'MARKET', 'quantity': 0.01, 'timestamp': 1783533099695, 'recvWindow': 5000, 'signature': '***REDACTED***'}
2026-07-08 23:21:39 | INFO     | trading_bot.client | RESPONSE (dry-run, no network call made) | {'orderId': 1810444, 'symbol': 'BTCUSDT', 'status': 'FILLED', 'clientOrderId': 'dryrun_1810444', 'price': '0', 'avgPrice': '64936.65', 'origQty': '0.01', 'executedQty': '0.01', 'side': 'SELL', 'type': 'MARKET', 'timeInForce': 'GTC'}
2026-07-08 23:21:39 | INFO     | trading_bot.orders | Order accepted: orderId=1810444 status=FILLED executedQty=0.01
2026-07-08 23:21:53 | INFO     | trading_bot.orders | Submitting order: {'symbol': 'BTCUSDT', 'side': 'SELL', 'type': 'MARKET', 'quantity': 0.01}
2026-07-08 23:21:53 | INFO     | trading_bot.client | REQUEST  POST https://testnet.binancefuture.com/fapi/v1/order | params={'symbol': 'BTCUSDT', 'side': 'SELL', 'type': 'MARKET', 'quantity': 0.01, 'timestamp': 1783533113442, 'recvWindow': 5000, 'signature': '***REDACTED***'}
2026-07-08 23:21:54 | INFO     | trading_bot.client | RESPONSE  POST https://testnet.binancefuture.com/fapi/v1/order | status=200 body={'orderId': 20169219921, 'symbol': 'BTCUSDT', 'status': 'NEW', 'clientOrderId': '876IlrycDcI43HcNcVJZed', 'price': '0.00', 'origQty': '0.0100', 'executedQty': '0.0000', 'cumQty': '0.0000', 'timeInForce': 'GTC', 'type': 'MARKET', 'reduceOnly': False, 'closePosition': False, 'side': 'SELL', 'positionSide': 'BOTH', 'stopPrice': '0.00', 'workingType': 'CONTRACT_PRICE', 'priceProtect': False, 'origType': 'MARKET', 'priceMatch': 'NONE', 'selfTradePreventionMode': 'EXPIRE_MAKER', 'goodTillDate': 0, 'updateTime': 1783533116900}
2026-07-08 23:21:54 | INFO     | trading_bot.orders | Order accepted: orderId=20169219921 status=NEW executedQty=0.0000
2026-07-08 23:25:32 | INFO     | trading_bot.orders | Submitting order: {'symbol': 'BTCUSDT', 'side': 'BUY', 'type': 'MARKET', 'quantity': 0.01}
2026-07-08 23:25:32 | INFO     | trading_bot.client | REQUEST  POST https://testnet.binancefuture.com/fapi/v1/order | params={'symbol': 'BTCUSDT', 'side': 'BUY', 'type': 'MARKET', 'quantity': 0.01, 'timestamp': 1783533332935, 'recvWindow': 5000, 'signature': '***REDACTED***'}
2026-07-08 23:25:33 | INFO     | trading_bot.client | RESPONSE  POST https://testnet.binancefuture.com/fapi/v1/order | status=200 body={'orderId': 20169958116, 'symbol': 'BTCUSDT', 'status': 'NEW', 'clientOrderId': 'NismRE75u2tJOpSBEuZ6O2', 'price': '0.00', 'origQty': '0.0100', 'executedQty': '0.0000', 'cumQty': '0.0000', 'timeInForce': 'GTC', 'type': 'MARKET', 'reduceOnly': False, 'closePosition': False, 'side': 'BUY', 'positionSide': 'BOTH', 'stopPrice': '0.00', 'workingType': 'CONTRACT_PRICE', 'priceProtect': False, 'origType': 'MARKET', 'priceMatch': 'NONE', 'selfTradePreventionMode': 'EXPIRE_MAKER', 'goodTillDate': 0, 'updateTime': 1783533336312}
2026-07-08 23:25:33 | INFO     | trading_bot.orders | Order accepted: orderId=20169958116 status=NEW executedQty=0.0000
2026-07-08 23:25:45 | INFO     | trading_bot.orders | Submitting order: {'symbol': 'BTCUSDT', 'side': 'BUY', 'type': 'MARKET', 'quantity': 1.0}
2026-07-08 23:25:45 | INFO     | trading_bot.client | REQUEST  POST https://testnet.binancefuture.com/fapi/v1/order | params={'symbol': 'BTCUSDT', 'side': 'BUY', 'type': 'MARKET', 'quantity': 1.0, 'timestamp': 1783533345592, 'recvWindow': 5000, 'signature': '***REDACTED***'}
2026-07-08 23:25:45 | INFO     | trading_bot.client | RESPONSE  POST https://testnet.binancefuture.com/fapi/v1/order | status=200 body={'orderId': 20170005463, 'symbol': 'BTCUSDT', 'status': 'NEW', 'clientOrderId': 'pm9F9KrxosjmyCOaWA4oF2', 'price': '0.00', 'origQty': '1.0000', 'executedQty': '0.0000', 'cumQty': '0.0000', 'timeInForce': 'GTC', 'type': 'MARKET', 'reduceOnly': False, 'closePosition': False, 'side': 'BUY', 'positionSide': 'BOTH', 'stopPrice': '0.00', 'workingType': 'CONTRACT_PRICE', 'priceProtect': False, 'origType': 'MARKET', 'priceMatch': 'NONE', 'selfTradePreventionMode': 'EXPIRE_MAKER', 'goodTillDate': 0, 'updateTime': 1783533348784}
2026-07-08 23:25:45 | INFO     | trading_bot.orders | Order accepted: orderId=20170005463 status=NEW executedQty=0.0000
2026-07-08 23:25:52 | INFO     | trading_bot.orders | Submitting order: {'symbol': 'BTCUSDT', 'side': 'BUY', 'type': 'MARKET', 'quantity': 1.0}
2026-07-08 23:25:52 | INFO     | trading_bot.client | REQUEST  POST https://testnet.binancefuture.com/fapi/v1/order | params={'symbol': 'BTCUSDT', 'side': 'BUY', 'type': 'MARKET', 'quantity': 1.0, 'timestamp': 1783533352132, 'recvWindow': 5000, 'signature': '***REDACTED***'}
2026-07-08 23:25:52 | INFO     | trading_bot.client | RESPONSE (dry-run, no network call made) | {'orderId': 2992703, 'symbol': 'BTCUSDT', 'status': 'FILLED', 'clientOrderId': 'dryrun_2992703', 'price': '0', 'avgPrice': '64981.79', 'origQty': '1.0', 'executedQty': '1.0', 'side': 'BUY', 'type': 'MARKET', 'timeInForce': 'GTC'}
2026-07-08 23:25:52 | INFO     | trading_bot.orders | Order accepted: orderId=2992703 status=FILLED executedQty=1.0
2026-07-08 23:26:09 | INFO     | trading_bot.orders | Submitting order: {'symbol': 'BTCUSDT', 'side': 'BUY', 'type': 'LIMIT', 'quantity': 1.0, 'price': 124.0, 'timeInForce': 'IOC'}
2026-07-08 23:26:09 | INFO     | trading_bot.client | REQUEST  POST https://testnet.binancefuture.com/fapi/v1/order | params={'symbol': 'BTCUSDT', 'side': 'BUY', 'type': 'LIMIT', 'quantity': 1.0, 'price': 124.0, 'timeInForce': 'IOC', 'timestamp': 1783533369653, 'recvWindow': 5000, 'signature': '***REDACTED***'}
2026-07-08 23:26:09 | INFO     | trading_bot.client | RESPONSE (dry-run, no network call made) | {'orderId': 9746881, 'symbol': 'BTCUSDT', 'status': 'NEW', 'clientOrderId': 'dryrun_9746881', 'price': '124.0', 'avgPrice': '0', 'origQty': '1.0', 'executedQty': '0', 'side': 'BUY', 'type': 'LIMIT', 'timeInForce': 'IOC'}
2026-07-08 23:26:09 | INFO     | trading_bot.orders | Order accepted: orderId=9746881 status=NEW executedQty=0
2026-07-08 23:26:15 | INFO     | trading_bot.orders | Submitting order: {'symbol': 'BTCUSDT', 'side': 'BUY', 'type': 'LIMIT', 'quantity': 1.0, 'price': 124.0, 'timeInForce': 'IOC'}
2026-07-08 23:26:15 | INFO     | trading_bot.client | REQUEST  POST https://testnet.binancefuture.com/fapi/v1/order | params={'symbol': 'BTCUSDT', 'side': 'BUY', 'type': 'LIMIT', 'quantity': 1.0, 'price': 124.0, 'timeInForce': 'IOC', 'timestamp': 1783533375166, 'recvWindow': 5000, 'signature': '***REDACTED***'}
2026-07-08 23:26:15 | ERROR    | trading_bot.client | API ERROR  POST https://testnet.binancefuture.com/fapi/v1/order | status=400 body={'code': -4013, 'msg': 'Price less than min price.'}
2026-07-08 23:26:15 | ERROR    | trading_bot.orders | Order submission failed: Binance API error -4013: Price less than min price.
2026-07-08 23:26:15 | ERROR    | trading_bot | Order failed: Binance API error -4013: Price less than min price.
2026-07-08 23:26:30 | INFO     | trading_bot.orders | Submitting order: {'symbol': 'BTCUSDT', 'side': 'BUY', 'type': 'LIMIT', 'quantity': 1.0, 'price': 0.124, 'timeInForce': 'IOC'}
2026-07-08 23:26:30 | INFO     | trading_bot.client | REQUEST  POST https://testnet.binancefuture.com/fapi/v1/order | params={'symbol': 'BTCUSDT', 'side': 'BUY', 'type': 'LIMIT', 'quantity': 1.0, 'price': 0.124, 'timeInForce': 'IOC', 'timestamp': 1783533390893, 'recvWindow': 5000, 'signature': '***REDACTED***'}
2026-07-08 23:26:31 | ERROR    | trading_bot.client | API ERROR  POST https://testnet.binancefuture.com/fapi/v1/order | status=400 body={'code': -1111, 'msg': 'Precision is over the maximum defined for this asset.'}
2026-07-08 23:26:31 | ERROR    | trading_bot.orders | Order submission failed: Binance API error -1111: Precision is over the maximum defined for this asset.
2026-07-08 23:26:31 | ERROR    | trading_bot | Order failed: Binance API error -1111: Precision is over the maximum defined for this asset.
2026-07-08 23:26:45 | INFO     | trading_bot.orders | Submitting order: {'symbol': 'BTCUSDT', 'side': 'BUY', 'type': 'MARKET', 'quantity': 0.01}
2026-07-08 23:26:45 | INFO     | trading_bot.client | REQUEST  POST https://testnet.binancefuture.com/fapi/v1/order | params={'symbol': 'BTCUSDT', 'side': 'BUY', 'type': 'MARKET', 'quantity': 0.01, 'timestamp': 1783533405175, 'recvWindow': 5000, 'signature': '***REDACTED***'}
2026-07-08 23:26:45 | INFO     | trading_bot.client | RESPONSE (dry-run, no network call made) | {'orderId': 9060618, 'symbol': 'BTCUSDT', 'status': 'FILLED', 'clientOrderId': 'dryrun_9060618', 'price': '0', 'avgPrice': '65000.45', 'origQty': '0.01', 'executedQty': '0.01', 'side': 'BUY', 'type': 'MARKET', 'timeInForce': 'GTC'}
2026-07-08 23:26:45 | INFO     | trading_bot.orders | Order accepted: orderId=9060618 status=FILLED executedQty=0.01
2026-07-08 23:26:58 | INFO     | trading_bot.orders | Submitting order: {'symbol': 'BTCUSDT', 'side': 'BUY', 'type': 'LIMIT', 'quantity': 0.01, 'price': 6772.0, 'timeInForce': 'GTC'}
2026-07-08 23:26:58 | INFO     | trading_bot.client | REQUEST  POST https://testnet.binancefuture.com/fapi/v1/order | params={'symbol': 'BTCUSDT', 'side': 'BUY', 'type': 'LIMIT', 'quantity': 0.01, 'price': 6772.0, 'timeInForce': 'GTC', 'timestamp': 1783533418861, 'recvWindow': 5000, 'signature': '***REDACTED***'}
2026-07-08 23:26:58 | INFO     | trading_bot.client | RESPONSE (dry-run, no network call made) | {'orderId': 4572699, 'symbol': 'BTCUSDT', 'status': 'NEW', 'clientOrderId': 'dryrun_4572699', 'price': '6772.0', 'avgPrice': '0', 'origQty': '0.01', 'executedQty': '0', 'side': 'BUY', 'type': 'LIMIT', 'timeInForce': 'GTC'}
2026-07-08 23:26:58 | INFO     | trading_bot.orders | Order accepted: orderId=4572699 status=NEW executedQty=0
2026-07-08 23:27:04 | INFO     | trading_bot.orders | Submitting order: {'symbol': 'BTCUSDT', 'side': 'BUY', 'type': 'LIMIT', 'quantity': 0.01, 'price': 6772.0, 'timeInForce': 'GTC'}
2026-07-08 23:27:04 | INFO     | trading_bot.client | REQUEST  POST https://testnet.binancefuture.com/fapi/v1/order | params={'symbol': 'BTCUSDT', 'side': 'BUY', 'type': 'LIMIT', 'quantity': 0.01, 'price': 6772.0, 'timeInForce': 'GTC', 'timestamp': 1783533424343, 'recvWindow': 5000, 'signature': '***REDACTED***'}
2026-07-08 23:27:04 | INFO     | trading_bot.client | RESPONSE  POST https://testnet.binancefuture.com/fapi/v1/order | status=200 body={'orderId': 20170268602, 'symbol': 'BTCUSDT', 'status': 'NEW', 'clientOrderId': 'A1TV4BMUNToy1THf6MTrNr', 'price': '6772.00', 'origQty': '0.0100', 'executedQty': '0.0000', 'cumQty': '0.0000', 'timeInForce': 'GTC', 'type': 'LIMIT', 'reduceOnly': False, 'closePosition': False, 'side': 'BUY', 'positionSide': 'BOTH', 'stopPrice': '0.00', 'workingType': 'CONTRACT_PRICE', 'priceProtect': False, 'origType': 'LIMIT', 'priceMatch': 'NONE', 'selfTradePreventionMode': 'EXPIRE_MAKER', 'goodTillDate': 0, 'updateTime': 1783533427677}
2026-07-08 23:27:04 | INFO     | trading_bot.orders | Order accepted: orderId=20170268602 status=NEW executedQty=0.0000
2026-07-08 23:27:14 | INFO     | trading_bot.orders | Submitting order: {'symbol': 'BTCUSDT', 'side': 'BUY', 'type': 'MARKET', 'quantity': 0.01}
2026-07-08 23:27:14 | INFO     | trading_bot.client | REQUEST  POST https://testnet.binancefuture.com/fapi/v1/order | params={'symbol': 'BTCUSDT', 'side': 'BUY', 'type': 'MARKET', 'quantity': 0.01, 'timestamp': 1783533434336, 'recvWindow': 5000, 'signature': '***REDACTED***'}
2026-07-08 23:27:14 | INFO     | trading_bot.client | RESPONSE  POST https://testnet.binancefuture.com/fapi/v1/order | status=200 body={'orderId': 20170304832, 'symbol': 'BTCUSDT', 'status': 'NEW', 'clientOrderId': 'wx0YwFI5A4goftbbiBTVRL', 'price': '0.00', 'origQty': '0.0100', 'executedQty': '0.0000', 'cumQty': '0.0000', 'timeInForce': 'GTC', 'type': 'MARKET', 'reduceOnly': False, 'closePosition': False, 'side': 'BUY', 'positionSide': 'BOTH', 'stopPrice': '0.00', 'workingType': 'CONTRACT_PRICE', 'priceProtect': False, 'origType': 'MARKET', 'priceMatch': 'NONE', 'selfTradePreventionMode': 'EXPIRE_MAKER', 'goodTillDate': 0, 'updateTime': 1783533437506}
2026-07-08 23:27:14 | INFO     | trading_bot.orders | Order accepted: orderId=20170304832 status=NEW executedQty=0.0000
